# JRE version: OpenJDK Runtime Environment AdoptOpenJDK (11.0.8+10) (build 11.0.8+10)
# Java VM: OpenJDK 64-Bit Server VM AdoptOpenJDK (11.0.8+10, mixed mode, tiered, compressed oops, g1 gc, bsd-amd64)
Heap:
 garbage-first heap   total 157696K, used 86279K [0x00000007c0000000, 0x0000000800000000)
  region size 1024K, 15 young (15360K), 4 survivors (4096K)
 Metaspace       used 114564K, capacity 121721K, committed 121884K, reserved 1150976K
  class space    used 16628K, capacity 20050K, committed 20172K, reserved 1048576K
GC Heap History (20 events):
Event: 11.454 GC heap before
{Heap before GC invocations=45 (full 0):
 garbage-first heap   total 157696K, used 130716K [0x00000007c0000000, 0x0000000800000000)
  region size 1024K, 79 young (80896K), 4 survivors (4096K)
 Metaspace       used 109053K, capacity 114736K, committed 115100K, reserved 1146880K
  class space    used 15525K, capacity 18322K, committed 18508K, reserved 1048576K
}
Event: 11.457 GC heap after
{Heap after GC invocations=46 (full 0):
 garbage-first heap   total 157696K, used 55609K [0x00000007c0000000, 0x0000000800000000)
  region size 1024K, 5 young (5120K), 5 survivors (5120K)
 Metaspace       used 109053K, capacity 114736K, committed 115100K, reserved 1146880K
  class space    used 15525K, capacity 18322K, committed 18508K, reserved 1048576K
}
Event: 11.558 GC heap before
{Heap before GC invocations=46 (full 0):
 garbage-first heap   total 157696K, used 131385K [0x00000007c0000000, 0x0000000800000000)
  region size 1024K, 80 young (81920K), 5 survivors (5120K)
 Metaspace       used 109084K, capacity 114812K, committed 115100K, reserved 1146880K
  class space    used 15525K, capacity 18322K, committed 18508K, reserved 1048576K
}
Event: 11.560 GC heap after
{Heap after GC invocations=47 (full 0):
 garbage-first heap   total 157696K, used 56349K [0x00000007c0000000, 0x0000000800000000)
  region size 1024K, 5 young (5120K), 5 survivors (5120K)
 Metaspace       used 109084K, capacity 114812K, committed 115100K, reserved 1146880K
  class space    used 15525K, capacity 18322K, committed 18508K, reserved 1048576K
}
Event: 11.813 GC heap before
{Heap before GC invocations=47 (full 0):
 garbage-first heap   total 157696K, used 125981K [0x00000007c0000000, 0x0000000800000000)
  region size 1024K, 57 young (58368K), 5 survivors (5120K)
 Metaspace       used 110102K, capacity 116011K, committed 116252K, reserved 1146880K
  class space    used 15720K, capacity 18615K, committed 18636K, reserved 1048576K
}
Event: 11.818 GC heap after
{Heap after GC invocations=48 (full 0):
 garbage-first heap   total 157696K, used 58554K [0x00000007c0000000, 0x0000000800000000)
  region size 1024K, 4 young (4096K), 4 survivors (4096K)
 Metaspace       used 110102K, capacity 116011K, committed 116252K, reserved 1146880K
  class space    used 15720K, capacity 18615K, committed 18636K, reserved 1048576K
}
Event: 12.034 GC heap before
{Heap before GC invocations=49 (full 0):
 garbage-first heap   total 157696K, used 138426K [0x00000007c0000000, 0x0000000800000000)
  region size 1024K, 77 young (78848K), 4 survivors (4096K)
 Metaspace       used 110856K, capacity 117120K, committed 117404K, reserved 1148928K
  class space    used 15892K, capacity 18943K, committed 19020K, reserved 1048576K
}
Event: 12.038 GC heap after
{Heap after GC invocations=50 (full 0):
 garbage-first heap   total 157696K, used 56561K [0x00000007c0000000, 0x0000000800000000)
  region size 1024K, 5 young (5120K), 5 survivors (5120K)
 Metaspace       used 110856K, capacity 117120K, committed 117404K, reserved 1148928K
  class space    used 15892K, capacity 18943K, committed 19020K, reserved 1048576K
}
Event: 12.170 GC heap before
{Heap before GC invocations=50 (full 0):
 garbage-first heap   total 157696K, used 147697K [0x00000007c0000000, 0x0000000800000000)
  region size 1024K, 80 young (81920K), 5 survivors (5120K)
 Metaspace       used 111402K, capacity 117934K, committed 118044K, reserved 1148928K
  class space    used 16001K, capacity 19109K, committed 19148K, reserved 1048576K
}
Event: 12.173 GC heap after
{Heap after GC invocations=51 (full 0):
 garbage-first heap   total 157696K, used 72800K [0x00000007c0000000, 0x0000000800000000)
  region size 1024K, 6 young (6144K), 6 survivors (6144K)
 Metaspace       used 111402K, capacity 117934K, committed 118044K, reserved 1148928K
  class space    used 16001K, capacity 19109K, committed 19148K, reserved 1048576K
}
Event: 12.250 GC heap before
{Heap before GC invocations=51 (full 0):
 garbage-first heap   total 157696K, used 133216K [0x00000007c0000000, 0x0000000800000000)
  region size 1024K, 66 young (67584K), 6 survivors (6144K)
 Metaspace       used 111456K, capacity 117946K, committed 118044K, reserved 1148928K
  class space    used 16002K, capacity 19110K, committed 19148K, reserved 1048576K
}
Event: 12.252 GC heap after
{Heap after GC invocations=52 (full 0):
 garbage-first heap   total 157696K, used 73340K [0x00000007c0000000, 0x0000000800000000)
  region size 1024K, 6 young (6144K), 6 survivors (6144K)
 Metaspace       used 111456K, capacity 117946K, committed 118044K, reserved 1148928K
  class space    used 16002K, capacity 19110K, committed 19148K, reserved 1048576K
}
Event: 12.329 GC heap before
{Heap before GC invocations=52 (full 0):
 garbage-first heap   total 157696K, used 132732K [0x00000007c0000000, 0x0000000800000000)
  region size 1024K, 65 young (66560K), 6 survivors (6144K)
 Metaspace       used 111537K, capacity 118065K, committed 118300K, reserved 1148928K
  class space    used 16006K, capacity 19119K, committed 19148K, reserved 1048576K
}
Event: 12.332 GC heap after
{Heap after GC invocations=53 (full 0):
 garbage-first heap   total 157696K, used 72018K [0x00000007c0000000, 0x0000000800000000)
  region size 1024K, 4 young (4096K), 4 survivors (4096K)
 Metaspace       used 111537K, capacity 118065K, committed 118300K, reserved 1148928K
  class space    used 16006K, capacity 19119K, committed 19148K, reserved 1048576K
}
Event: 12.424 GC heap before
{Heap before GC invocations=53 (full 0):
 garbage-first heap   total 157696K, used 134482K [0x00000007c0000000, 0x0000000800000000)
  region size 1024K, 66 young (67584K), 4 survivors (4096K)
 Metaspace       used 111600K, capacity 118081K, committed 118300K, reserved 1148928K
  class space    used 16006K, capacity 19119K, committed 19148K, reserved 1048576K
}
Event: 12.427 GC heap after
{Heap after GC invocations=54 (full 0):
 garbage-first heap   total 157696K, used 72673K [0x00000007c0000000, 0x0000000800000000)
  region size 1024K, 5 young (5120K), 5 survivors (5120K)
 Metaspace       used 111600K, capacity 118081K, committed 118300K, reserved 1148928K
  class space    used 16006K, capacity 19119K, committed 19148K, reserved 1048576K
}
Event: 12.736 GC heap before
{Heap before GC invocations=54 (full 0):
 garbage-first heap   total 157696K, used 119777K [0x00000007c0000000, 0x0000000800000000)
  region size 1024K, 52 young (53248K), 5 survivors (5120K)
 Metaspace       used 113153K, capacity 119978K, committed 120348K, reserved 1150976K
  class space    used 16302K, capacity 19558K, committed 19660K, reserved 1048576K
}
Event: 12.741 GC heap after
{Heap after GC invocations=55 (full 0):
 garbage-first heap   total 157696K, used 71702K [0x00000007c0000000, 0x0000000800000000)
  region size 1024K, 4 young (4096K), 4 survivors (4096K)
 Metaspace       used 113153K, capacity 119978K, committed 120348K, reserved 1150976K
  class space    used 16302K, capacity 19558K, committed 19660K, reserved 1048576K
}
Event: 12.809 GC heap before
{Heap before GC invocations=56 (full 0):
 garbage-first heap   total 157696K, used 88086K [0x00000007c0000000, 0x0000000800000000)
  region size 1024K, 17 young (17408K), 4 survivors (4096K)
 Metaspace       used 113346K, capacity 120197K, committed 120348K, reserved 1150976K
  class space    used 16331K, capacity 19601K, committed 19660K, reserved 1048576K
}
Event: 12.814 GC heap after
{Heap after GC invocations=57 (full 0):
 garbage-first heap   total 157696K, used 71943K [0x00000007c0000000, 0x0000000800000000)
  region size 1024K, 4 young (4096K), 4 survivors (4096K)
 Metaspace       used 113346K, capacity 120197K, committed 120348K, reserved 1150976K
  class space    used 16331K, capacity 19601K, committed 19660K, reserved 1048576K
}

