# JRE version: OpenJDK Runtime Environment AdoptOpenJDK (11.0.8+10) (build 11.0.8+10)
# Java VM: OpenJDK 64-Bit Server VM AdoptOpenJDK (11.0.8+10, mixed mode, tiered, compressed oops, g1 gc, bsd-amd64)
Heap:
 garbage-first heap   total 189440K, used 127799K [0x00000007c0000000, 0x0000000800000000)
  region size 1024K, 54 young (55296K), 4 survivors (4096K)
 Metaspace       used 114279K, capacity 121393K, committed 121552K, reserved 1150976K
  class space    used 16639K, capacity 20080K, committed 20096K, reserved 1048576K
GC Heap History (20 events):
Event: 10.918 GC heap before
{Heap before GC invocations=38 (full 0):
 garbage-first heap   total 131072K, used 115901K [0x00000007c0000000, 0x0000000800000000)
  region size 1024K, 63 young (64512K), 4 survivors (4096K)
 Metaspace       used 108550K, capacity 114317K, committed 114640K, reserved 1144832K
  class space    used 15605K, capacity 18464K, committed 18560K, reserved 1048576K
}
Event: 10.921 GC heap after
{Heap after GC invocations=39 (full 0):
 garbage-first heap   total 157696K, used 50814K [0x00000007c0000000, 0x0000000800000000)
  region size 1024K, 4 young (4096K), 4 survivors (4096K)
 Metaspace       used 108550K, capacity 114317K, committed 114640K, reserved 1144832K
  class space    used 15605K, capacity 18464K, committed 18560K, reserved 1048576K
}
Event: 11.102 GC heap before
{Heap before GC invocations=39 (full 0):
 garbage-first heap   total 157696K, used 128638K [0x00000007c0000000, 0x0000000800000000)
  region size 1024K, 60 young (61440K), 4 survivors (4096K)
 Metaspace       used 108749K, capacity 114557K, committed 114640K, reserved 1144832K
  class space    used 15628K, capacity 18496K, committed 18560K, reserved 1048576K
}
Event: 11.105 GC heap after
{Heap after GC invocations=40 (full 0):
 garbage-first heap   total 157696K, used 65764K [0x00000007c0000000, 0x0000000800000000)
  region size 1024K, 6 young (6144K), 6 survivors (6144K)
 Metaspace       used 108749K, capacity 114557K, committed 114640K, reserved 1144832K
  class space    used 15628K, capacity 18496K, committed 18560K, reserved 1048576K
}
Event: 11.206 GC heap before
{Heap before GC invocations=41 (full 0):
 garbage-first heap   total 157696K, used 133348K [0x00000007c0000000, 0x0000000800000000)
  region size 1024K, 70 young (71680K), 6 survivors (6144K)
 Metaspace       used 108552K, capacity 114227K, committed 114896K, reserved 1146880K
  class space    used 15521K, capacity 18320K, committed 18560K, reserved 1048576K
}
Event: 11.209 GC heap after
{Heap after GC invocations=42 (full 0):
 garbage-first heap   total 157696K, used 67556K [0x00000007c0000000, 0x0000000800000000)
  region size 1024K, 4 young (4096K), 4 survivors (4096K)
 Metaspace       used 108552K, capacity 114227K, committed 114896K, reserved 1146880K
  class space    used 15521K, capacity 18320K, committed 18560K, reserved 1048576K
}
Event: 11.288 GC heap before
{Heap before GC invocations=42 (full 0):
 garbage-first heap   total 157696K, used 133092K [0x00000007c0000000, 0x0000000800000000)
  region size 1024K, 69 young (70656K), 4 survivors (4096K)
 Metaspace       used 108641K, capacity 114332K, committed 114896K, reserved 1146880K
  class space    used 15521K, capacity 18320K, committed 18560K, reserved 1048576K
}
Event: 11.291 GC heap after
{Heap after GC invocations=43 (full 0):
 garbage-first heap   total 157696K, used 67824K [0x00000007c0000000, 0x0000000800000000)
  region size 1024K, 4 young (4096K), 4 survivors (4096K)
 Metaspace       used 108641K, capacity 114332K, committed 114896K, reserved 1146880K
  class space    used 15521K, capacity 18320K, committed 18560K, reserved 1048576K
}
Event: 11.366 GC heap before
{Heap before GC invocations=43 (full 0):
 garbage-first heap   total 157696K, used 133360K [0x00000007c0000000, 0x0000000800000000)
  region size 1024K, 69 young (70656K), 4 survivors (4096K)
 Metaspace       used 108713K, capacity 114358K, committed 114896K, reserved 1146880K
  class space    used 15522K, capacity 18322K, committed 18560K, reserved 1048576K
}
Event: 11.369 GC heap after
{Heap after GC invocations=44 (full 0):
 garbage-first heap   total 189440K, used 68166K [0x00000007c0000000, 0x0000000800000000)
  region size 1024K, 5 young (5120K), 5 survivors (5120K)
 Metaspace       used 108713K, capacity 114358K, committed 114896K, reserved 1146880K
  class space    used 15522K, capacity 18322K, committed 18560K, reserved 1048576K
}
Event: 11.617 GC heap before
{Heap before GC invocations=44 (full 0):
 garbage-first heap   total 189440K, used 154182K [0x00000007c0000000, 0x0000000800000000)
  region size 1024K, 85 young (87040K), 5 survivors (5120K)
 Metaspace       used 109524K, capacity 115351K, committed 115536K, reserved 1146880K
  class space    used 15673K, capacity 18559K, committed 18688K, reserved 1048576K
}
Event: 11.620 GC heap after
{Heap after GC invocations=45 (full 0):
 garbage-first heap   total 189440K, used 67243K [0x00000007c0000000, 0x0000000800000000)
  region size 1024K, 4 young (4096K), 4 survivors (4096K)
 Metaspace       used 109524K, capacity 115351K, committed 115536K, reserved 1146880K
  class space    used 15673K, capacity 18559K, committed 18688K, reserved 1048576K
}
Event: 11.886 GC heap before
{Heap before GC invocations=45 (full 0):
 garbage-first heap   total 189440K, used 181931K [0x00000007c0000000, 0x0000000800000000)
  region size 1024K, 98 young (100352K), 4 survivors (4096K)
 Metaspace       used 110810K, capacity 117221K, committed 117456K, reserved 1148928K
  class space    used 15954K, capacity 19070K, committed 19072K, reserved 1048576K
}
Event: 11.889 GC heap after
{Heap after GC invocations=46 (full 0):
 garbage-first heap   total 189440K, used 69063K [0x00000007c0000000, 0x0000000800000000)
  region size 1024K, 5 young (5120K), 5 survivors (5120K)
 Metaspace       used 110810K, capacity 117221K, committed 117456K, reserved 1148928K
  class space    used 15954K, capacity 19070K, committed 19072K, reserved 1048576K
}
Event: 12.008 GC heap before
{Heap before GC invocations=46 (full 0):
 garbage-first heap   total 189440K, used 161223K [0x00000007c0000000, 0x0000000800000000)
  region size 1024K, 96 young (98304K), 5 survivors (5120K)
 Metaspace       used 111193K, capacity 117690K, committed 117840K, reserved 1148928K
  class space    used 16012K, capacity 19139K, committed 19200K, reserved 1048576K
}
Event: 12.011 GC heap after
{Heap after GC invocations=47 (full 0):
 garbage-first heap   total 189440K, used 69116K [0x00000007c0000000, 0x0000000800000000)
  region size 1024K, 5 young (5120K), 5 survivors (5120K)
 Metaspace       used 111193K, capacity 117690K, committed 117840K, reserved 1148928K
  class space    used 16012K, capacity 19139K, committed 19200K, reserved 1048576K
}
Event: 12.096 GC heap before
{Heap before GC invocations=47 (full 0):
 garbage-first heap   total 189440K, used 160252K [0x00000007c0000000, 0x0000000800000000)
  region size 1024K, 95 young (97280K), 5 survivors (5120K)
 Metaspace       used 111262K, capacity 117794K, committed 118096K, reserved 1148928K
  class space    used 16019K, capacity 19150K, committed 19200K, reserved 1048576K
}
Event: 12.099 GC heap after
{Heap after GC invocations=48 (full 0):
 garbage-first heap   total 189440K, used 70130K [0x00000007c0000000, 0x0000000800000000)
  region size 1024K, 6 young (6144K), 6 survivors (6144K)
 Metaspace       used 111262K, capacity 117794K, committed 118096K, reserved 1148928K
  class space    used 16019K, capacity 19150K, committed 19200K, reserved 1048576K
}
Event: 12.331 GC heap before
{Heap before GC invocations=48 (full 0):
 garbage-first heap   total 189440K, used 161266K [0x00000007c0000000, 0x0000000800000000)
  region size 1024K, 96 young (98304K), 6 survivors (6144K)
 Metaspace       used 112080K, capacity 118655K, committed 118864K, reserved 1148928K
  class space    used 16145K, capacity 19336K, committed 19456K, reserved 1048576K
}
Event: 12.334 GC heap after
{Heap after GC invocations=49 (full 0):
 garbage-first heap   total 189440K, used 68407K [0x00000007c0000000, 0x0000000800000000)
  region size 1024K, 4 young (4096K), 4 survivors (4096K)
 Metaspace       used 112080K, capacity 118655K, committed 118864K, reserved 1148928K
  class space    used 16145K, capacity 19336K, committed 19456K, reserved 1048576K
}

